<?xml version="1.0" encoding="UTF-8"?>
<!-- Generated by org.testng.reporters.JUnitReportReporter -->
<testsuite skipped="0" hostname="DESKTOP-A5GCHAB" name="com.qa.ToolsQa.TestCases.HomePageTest" tests="1" failures="0" timestamp="15 Nov 2019 05:10:39 GMT" time="35.674" errors="0">
  <testcase name="newWindowTest" time="35.674" classname="com.qa.ToolsQa.TestCases.HomePageTest"/>
</testsuite> <!-- com.qa.ToolsQa.TestCases.HomePageTest -->
